\BOOKMARK [1][-]{section.1}{\376\377\116\373\122\241\116\313\176\315}{}% 1
\BOOKMARK [2][-]{subsection.1.1}{\376\377\135\345\117\134\151\202\217\360}{section.1}% 2
\BOOKMARK [2][-]{subsection.1.2}{\376\377\166\370\121\163\170\024\172\166}{section.1}% 3
\BOOKMARK [1][-]{section.2}{\376\377\145\160\143\156\131\004\164\006}{}% 4
\BOOKMARK [1][-]{section.3}{\376\377\174\373\176\337\213\276\213\241}{}% 5
\BOOKMARK [2][-]{subsection.3.1}{\376\377\147\266\147\204\220\011\142\351}{section.3}% 6
\BOOKMARK [3][-]{subsubsection.3.1.1}{\376\377\000R\000e\000s\000N\000e\000t}{subsection.3.1}% 7
\BOOKMARK [3][-]{subsubsection.3.1.2}{\376\377\121\166\116\326\152\041\127\213\220\011\142\351}{subsection.3.1}% 8
\BOOKMARK [2][-]{subsection.3.2}{\376\377\000R\000e\000s\000N\000e\000t\147\266\147\204\213\364\146\016}{section.3}% 9
\BOOKMARK [1][-]{section.4}{\376\377\213\255\176\303\145\271\154\325}{}% 10
\BOOKMARK [2][-]{subsection.4.1}{\376\377\215\205\123\302\145\160\214\003\213\325\145\271\154\325}{section.4}% 11
\BOOKMARK [2][-]{subsection.4.2}{\376\377\000L\000o\000s\000s\000\040\000f\000u\000n\000c\000t\000i\000o\000n}{section.4}% 12
\BOOKMARK [2][-]{subsection.4.3}{\376\377\000E\000p\000o\000c\000h}{section.4}% 13
\BOOKMARK [2][-]{subsection.4.4}{\376\377\000B\000a\000t\000c\000h\000\040\000s\000i\000z\000e}{section.4}% 14
\BOOKMARK [2][-]{subsection.4.5}{\376\377\000L\000e\000a\000r\000n\000i\000n\000g\000\040\000r\000a\000t\000e}{section.4}% 15
\BOOKMARK [2][-]{subsection.4.6}{\376\377\000L\000e\000a\000r\000n\000i\000n\000g\000\040\000r\000a\000t\000e\000\040\000d\000e\000c\000a\000y}{section.4}% 16
\BOOKMARK [2][-]{subsection.4.7}{\376\377\000O\000p\000t\000i\000m\000i\000z\000e\000r\000\040\000a\000n\000d\000\040\000w\000e\000i\000g\000h\000t\000\040\000d\000e\000c\000a\000y}{section.4}% 17
\BOOKMARK [1][-]{section.5}{\376\377\133\236\232\214\116\016\176\323\147\234}{}% 18
\BOOKMARK [2][-]{subsection.5.1}{\376\377\136\163\123\360}{section.5}% 19
\BOOKMARK [2][-]{subsection.5.2}{\376\377\171\072\117\213\116\343\170\001}{section.5}% 20
\BOOKMARK [2][-]{subsection.5.3}{\376\377\215\205\123\302\145\160\214\003\213\325\176\323\147\234}{section.5}% 21
\BOOKMARK [3][-]{subsubsection.5.3.1}{\376\377\000B\000a\000t\000c\000h\000\040\000s\000i\000z\000e}{subsection.5.3}% 22
\BOOKMARK [3][-]{subsubsection.5.3.2}{\376\377\000L\000e\000a\000r\000n\000i\000n\000g\000\040\000r\000a\000t\000e}{subsection.5.3}% 23
\BOOKMARK [3][-]{subsubsection.5.3.3}{\376\377\117\030\123\026\126\150}{subsection.5.3}% 24
\BOOKMARK [3][-]{subsubsection.5.3.4}{\376\377\230\204\131\004\164\006}{subsection.5.3}% 25
\BOOKMARK [2][-]{subsection.5.4}{\376\377\133\236\232\214\176\323\147\234}{section.5}% 26
\BOOKMARK [3][-]{subsubsection.5.4.1}{\376\377\147\000\176\310\133\236\232\214\145\160\143\156}{subsection.5.4}% 27
\BOOKMARK [2][-]{subsection.5.5}{\376\377\213\255\176\303\217\307\172\013}{section.5}% 28
\BOOKMARK [1][-]{section.6}{\376\377\000A\000p\000p\000e\000n\000d\000i\000x\000\040\000A}{}% 29
